<?xml version="1.0" encoding="UTF-8"?>
<!-- Generated by org.testng.reporters.JUnitReportReporter -->
<testsuite skipped="0" hostname="DESKTOP-CSTJ70J" name="testNG.AnnotationsTestNG" tests="2" failures="0" timestamp="27 Mar 2017 06:21:14 GMT" time="0.017" errors="0">
  <testcase name="Second" time="0.015" classname="testNG.AnnotationsTestNG"/>
  <testcase name="first" time="0.002" classname="testNG.AnnotationsTestNG"/>
</testsuite> <!-- testNG.AnnotationsTestNG -->
