<?xml version="1.0" encoding="UTF-8"?>
<!-- Generated by org.testng.reporters.JUnitReportReporter -->
<testsuite skipped="0" hostname="DESKTOP-CSTJ70J" name="testNG.Annot2" tests="1" failures="0" timestamp="29 Mar 2017 19:34:51 GMT" time="0.011" errors="0">
  <testcase name="Login" time="0.011" classname="testNG.Annot2"/>
</testsuite> <!-- testNG.Annot2 -->
