<?xml version="1.0" encoding="UTF-8"?>
<!-- Generated by org.testng.reporters.JUnitReportReporter -->
<testsuite skipped="0" hostname="DESKTOP-CSTJ70J" name="testNG.Base" tests="1" failures="0" timestamp="29 Mar 2017 20:14:20 GMT" time="9.691" errors="0">
  <testcase name="Login" time="9.691" classname="testNG.Base"/>
</testsuite> <!-- testNG.Base -->
