<?xml version="1.0" encoding="UTF-8"?>
<!-- Generated by org.testng.reporters.JUnitReportReporter -->
<testsuite skipped="0" hostname="DESKTOP-CSTJ70J" name="DataDriven.Annotations" tests="3" failures="0" timestamp="28 Mar 2017 04:12:27 GMT" time="0.032" errors="0">
  <testcase name="Browser" time="0.000" classname="DataDriven.Annotations"/>
  <testcase name="Browser" time="0.016" classname="DataDriven.Annotations"/>
  <testcase name="Browser" time="0.016" classname="DataDriven.Annotations"/>
</testsuite> <!-- DataDriven.Annotations -->
