<?xml version="1.0" encoding="UTF-8"?>
<!-- Generated by org.testng.reporters.JUnitReportReporter -->
<testsuite skipped="0" hostname="DESKTOP-CSTJ70J" name="testNG.AnnotationsTestNG" tests="2" failures="0" timestamp="28 Mar 2017 00:24:14 GMT" time="0.020" errors="0">
  <testcase name="sample" time="0.000" classname="testNG.AnnotationsTestNG"/>
  <testcase name="FoolProof1" time="0.020" classname="testNG.AnnotationsTestNG"/>
</testsuite> <!-- testNG.AnnotationsTestNG -->
