<?xml version="1.0" encoding="UTF-8"?>
<!-- Generated by org.testng.reporters.JUnitReportReporter -->
<testsuite skipped="0" hostname="DESKTOP-CSTJ70J" name="testNG.parameterss" tests="1" failures="0" timestamp="28 Mar 2017 04:58:00 GMT" time="0.016" errors="0">
  <testcase name="Browser" time="0.016" classname="testNG.parameterss"/>
</testsuite> <!-- testNG.parameterss -->
